;  LST file generated by mikroListExporter - v.2.0 
; Date/Time: 19/03/2021 03:26:33
;----------------------------------------------

;Address Opcode 	ASM
0x0000	0xF000EF0E  	GOTO        28
0x0004	0x0000      	NOP
0x0006	0x0000      	NOP
0x0008	0xF000EF00  	GOTO        0
0x000C	0x0000      	NOP
0x000E	0x0000      	NOP
0x0010	0x0000      	NOP
0x0012	0x0000      	NOP
0x0014	0x0000      	NOP
0x0016	0x0000      	NOP
0x0018	0xD7F3      	BRA         0
_main:
;Exercicio1.c,1 :: 		void main() {
;Exercicio1.c,2 :: 		int lastNumber = 0;
;Exercicio1.c,3 :: 		int currentNumber = 0;
0x001C	0x6A15      	CLRF        main_currentNumber_L0 
0x001E	0x6A16      	CLRF        main_currentNumber_L0+1 
;Exercicio1.c,4 :: 		trisd = 0;
0x0020	0x6A95      	CLRF        TRISD 
;Exercicio1.c,5 :: 		portd = 0;
0x0022	0x6A83      	CLRF        PORTD 
;Exercicio1.c,7 :: 		trisb.rb0 = 1;
0x0024	0x8093      	BSF         TRISB, 0 
;Exercicio1.c,8 :: 		trisb.rb1 = 1;
0x0026	0x8293      	BSF         TRISB, 1 
;Exercicio1.c,9 :: 		trisb.rb2 = 1;
0x0028	0x8493      	BSF         TRISB, 2 
;Exercicio1.c,11 :: 		portb.rb0 = 1;
0x002A	0x8081      	BSF         PORTB, 0 
;Exercicio1.c,12 :: 		portb.rb1 = 1;
0x002C	0x8281      	BSF         PORTB, 1 
;Exercicio1.c,13 :: 		portb.rb2 = 1;
0x002E	0x8481      	BSF         PORTB, 2 
;Exercicio1.c,19 :: 		while(1){
L_main0:
;Exercicio1.c,20 :: 		if(portb.RB0 == 0){
0x0030	0xB081      	BTFSC       PORTB, 0 
0x0032	0xD003      	BRA         L_main2
;Exercicio1.c,21 :: 		currentNumber = 0;
0x0034	0x6A15      	CLRF        main_currentNumber_L0 
0x0036	0x6A16      	CLRF        main_currentNumber_L0+1 
;Exercicio1.c,22 :: 		}
0x0038	0xD00B      	BRA         L_main3
L_main2:
;Exercicio1.c,23 :: 		else if(portb.RB1 == 0){
0x003A	0xB281      	BTFSC       PORTB, 1 
0x003C	0xD003      	BRA         L_main4
;Exercicio1.c,24 :: 		currentNumber++;
0x003E	0x4A15      	INFSNZ      main_currentNumber_L0, 1 
0x0040	0x2A16      	INCF        main_currentNumber_L0+1, 1 
;Exercicio1.c,25 :: 		}
0x0042	0xD006      	BRA         L_main5
L_main4:
;Exercicio1.c,26 :: 		else if(portb.RB2 == 0){
0x0044	0xB481      	BTFSC       PORTB, 2 
0x0046	0xD004      	BRA         L_main6
;Exercicio1.c,27 :: 		currentNumber--;
0x0048	0x0E01      	MOVLW       1
0x004A	0x5E15      	SUBWF       main_currentNumber_L0, 1 
0x004C	0x0E00      	MOVLW       0
0x004E	0x5A16      	SUBWFB      main_currentNumber_L0+1, 1 
;Exercicio1.c,28 :: 		}
L_main6:
L_main5:
L_main3:
;Exercicio1.c,29 :: 		delay_ms(20);
0x0050	0x0E34      	MOVLW       52
0x0052	0x6E0C      	MOVWF       R12, 0
0x0054	0x0EF1      	MOVLW       241
0x0056	0x6E0D      	MOVWF       R13, 0
L_main7:
0x0058	0x2E0D      	DECFSZ      R13, 1, 0
0x005A	0xD7FE      	BRA         L_main7
0x005C	0x2E0C      	DECFSZ      R12, 1, 0
0x005E	0xD7FC      	BRA         L_main7
0x0060	0x0000      	NOP
0x0062	0x0000      	NOP
;Exercicio1.c,32 :: 		portd = currentNumber;
0x0064	0xFF83C015  	MOVFF       main_currentNumber_L0, PORTD
;Exercicio1.c,33 :: 		delay_ms(500);
0x0068	0x0E06      	MOVLW       6
0x006A	0x6E0B      	MOVWF       R11, 0
0x006C	0x0E13      	MOVLW       19
0x006E	0x6E0C      	MOVWF       R12, 0
0x0070	0x0EAD      	MOVLW       173
0x0072	0x6E0D      	MOVWF       R13, 0
L_main8:
0x0074	0x2E0D      	DECFSZ      R13, 1, 0
0x0076	0xD7FE      	BRA         L_main8
0x0078	0x2E0C      	DECFSZ      R12, 1, 0
0x007A	0xD7FC      	BRA         L_main8
0x007C	0x2E0B      	DECFSZ      R11, 1, 0
0x007E	0xD7FA      	BRA         L_main8
0x0080	0x0000      	NOP
0x0082	0x0000      	NOP
;Exercicio1.c,34 :: 		}
0x0084	0xD7D5      	BRA         L_main0
;Exercicio1.c,35 :: 		}
L_end_main:
0x0086	0xD7FF      	BRA         $+0
; end of _main
Symbol List:
//** Routines locations **
//ADDRESS    SIZE    PROCEDURE
//----------------------------------------------
0x001C     [108]    _main
//** Variables locations ** 
//ADDRESS    SIZE    VARIABLE
//----------------------------------------------
0x0000       [1]    R0
0x0001       [1]    R1
0x0002       [1]    R2
0x0003       [1]    R3
0x0004       [1]    R4
0x0005       [1]    R5
0x0006       [1]    R6
0x0007       [1]    R7
0x0008       [1]    R8
0x0009       [1]    R9
0x000A       [1]    R10
0x000B       [1]    R11
0x000C       [1]    R12
0x000D       [1]    R13
0x000E       [1]    R14
0x000F       [1]    R15
0x0010       [1]    R16
0x0011       [1]    R17
0x0012       [1]    R18
0x0013       [1]    R19
0x0014       [1]    R20
0x0015       [2]    main_currentNumber_L0
0x0F81       [1]    PORTB
0x0F83       [1]    PORTD
0x0F93       [1]    TRISB
0x0F95       [1]    TRISD
0x0FD8       [1]    STATUS
0x0FD9       [1]    FSR2L
0x0FDA       [1]    FSR2H
0x0FDE       [1]    POSTINC2
0x0FE0       [1]    BSR
0x0FE1       [1]    FSR1L
0x0FE2       [1]    FSR1H
0x0FE4       [1]    PREINC1
0x0FE6       [1]    POSTINC1
0x0FE7       [1]    INDF1
0x0FE8       [1]    WREG
0x0FE9       [1]    FSR0L
0x0FEA       [1]    FSR0H
0x0FEE       [1]    POSTINC0
0x0FF3       [1]    PRODL
0x0FF4       [1]    PRODH
0x0FF5       [1]    TABLAT
0x0FF6       [1]    TBLPTRL
0x0FF7       [1]    TBLPTRH
0x0FF8       [1]    TBLPTRU
